<?xml version="1.0" encoding="UTF-8"?>
<coverage generated="1509878003456" clover="3.2.0">
  <project timestamp="1509878003457" name="All files">
    <metrics statements="39" coveredstatements="10" conditionals="4" coveredconditionals="0" methods="20" coveredmethods="6" elements="63" coveredelements="16" complexity="0" loc="39" ncloc="39" packages="4" files="5" classes="5">
      <package name="PropertyFinder">
        <metrics statements="1" coveredstatements="1" conditionals="0" coveredconditionals="0" methods="1" coveredmethods="1"/>
        <file name="App.js" path="/Users/litil/Documents/work/trainings/ReactNative/PropertyFinder/App.js">
          <metrics statements="1" coveredstatements="1" conditionals="0" coveredconditionals="0" methods="1" coveredmethods="1"/>
          <line num="8" count="1" type="stmt"/>
        </file>
      </package>
      <package name="PropertyFinder.src">
        <metrics statements="6" coveredstatements="3" conditionals="0" coveredconditionals="0" methods="2" coveredmethods="1"/>
        <file name="RootNavigator.js" path="/Users/litil/Documents/work/trainings/ReactNative/PropertyFinder/src/RootNavigator.js">
          <metrics statements="6" coveredstatements="3" conditionals="0" coveredconditionals="0" methods="2" coveredmethods="1"/>
          <line num="11" count="1" type="stmt"/>
          <line num="12" count="1" type="stmt"/>
          <line num="16" count="0" type="stmt"/>
          <line num="17" count="0" type="stmt"/>
          <line num="18" count="0" type="stmt"/>
          <line num="23" count="1" type="stmt"/>
        </file>
      </package>
      <package name="PropertyFinder.src.scenes">
        <metrics statements="29" coveredstatements="3" conditionals="4" coveredconditionals="0" methods="14" coveredmethods="1"/>
        <file name="HomeScene.js" path="/Users/litil/Documents/work/trainings/ReactNative/PropertyFinder/src/scenes/HomeScene.js">
          <metrics statements="3" coveredstatements="2" conditionals="0" coveredconditionals="0" methods="2" coveredmethods="1"/>
          <line num="7" count="1" type="stmt"/>
          <line num="9" count="1" type="stmt"/>
          <line num="13" count="0" type="stmt"/>
        </file>
        <file name="SearchScenes.js" path="/Users/litil/Documents/work/trainings/ReactNative/PropertyFinder/src/scenes/SearchScenes.js">
          <metrics statements="26" coveredstatements="1" conditionals="4" coveredconditionals="0" methods="12" coveredmethods="0"/>
          <line num="14" count="0" type="stmt"/>
          <line num="22" count="0" type="stmt"/>
          <line num="24" count="0" type="stmt"/>
          <line num="25" count="0" type="stmt"/>
          <line num="28" count="0" type="stmt"/>
          <line num="33" count="0" type="stmt"/>
          <line num="37" count="0" type="stmt"/>
          <line num="38" count="0" type="stmt"/>
          <line num="49" count="0" type="stmt"/>
          <line num="50" count="0" type="stmt"/>
          <line num="51" count="0" type="stmt"/>
          <line num="58" count="0" type="stmt"/>
          <line num="59" count="0" type="stmt"/>
          <line num="61" count="0" type="stmt"/>
          <line num="62" count="0" type="stmt"/>
          <line num="63" count="0" type="stmt"/>
          <line num="74" count="0" type="stmt"/>
          <line num="76" count="0" type="cond" truecount="0" falsecount="2"/>
          <line num="77" count="0" type="stmt"/>
          <line num="78" count="0" type="stmt"/>
          <line num="81" count="0" type="stmt"/>
          <line num="89" count="0" type="stmt"/>
          <line num="90" count="0" type="stmt"/>
          <line num="94" count="0" type="cond" truecount="0" falsecount="2"/>
          <line num="96" count="0" type="stmt"/>
          <line num="116" count="1" type="stmt"/>
        </file>
      </package>
      <package name="PropertyFinder.src.scenes.SearchResults">
        <metrics statements="3" coveredstatements="3" conditionals="0" coveredconditionals="0" methods="3" coveredmethods="3"/>
        <file name="index.js" path="/Users/litil/Documents/work/trainings/ReactNative/PropertyFinder/src/scenes/SearchResults/index.js">
          <metrics statements="3" coveredstatements="3" conditionals="0" coveredconditionals="0" methods="3" coveredmethods="3"/>
          <line num="19" count="5" type="stmt"/>
          <line num="22" count="5" type="stmt"/>
          <line num="33" count="1" type="stmt"/>
        </file>
      </package>
    </metrics>
  </project>
</coverage>
