TN:
SF:/Users/litil/Documents/work/trainings/ReactNative/PropertyFinder/App.js
FN:7,(anonymous_0)
FNF:1
FNH:1
FNDA:1,(anonymous_0)
DA:8,1
LF:1
LH:1
BRF:0
BRH:0
end_of_record
TN:
SF:/Users/litil/Documents/work/trainings/ReactNative/PropertyFinder/src/RootNavigator.js
FN:11,(anonymous_0)
FN:15,(anonymous_1)
FNF:2
FNH:1
FNDA:1,(anonymous_0)
FNDA:0,(anonymous_1)
DA:11,1
DA:12,1
DA:16,0
DA:17,0
DA:18,0
DA:23,1
LF:6
LH:3
BRF:0
BRH:0
end_of_record
TN:
SF:/Users/litil/Documents/work/trainings/ReactNative/PropertyFinder/src/scenes/HomeScene.js
FN:6,(anonymous_0)
FN:13,(anonymous_1)
FNF:2
FNH:1
FNDA:1,(anonymous_0)
FNDA:0,(anonymous_1)
DA:7,1
DA:9,1
DA:13,0
LF:3
LH:2
BRF:0
BRH:0
end_of_record
TN:
SF:/Users/litil/Documents/work/trainings/ReactNative/PropertyFinder/src/scenes/SearchScenes.js
FN:13,urlForQueryAndPage
FN:25,(anonymous_1)
FN:32,(anonymous_2)
FN:36,(anonymous_3)
FN:48,(anonymous_4)
FN:57,(anonymous_5)
FN:61,(anonymous_6)
FN:62,(anonymous_7)
FN:63,(anonymous_8)
FN:73,(anonymous_9)
FN:88,(anonymous_10)
FN:93,(anonymous_11)
FNF:12
FNH:0
FNDA:0,urlForQueryAndPage
FNDA:0,(anonymous_1)
FNDA:0,(anonymous_2)
FNDA:0,(anonymous_3)
FNDA:0,(anonymous_4)
FNDA:0,(anonymous_5)
FNDA:0,(anonymous_6)
FNDA:0,(anonymous_7)
FNDA:0,(anonymous_8)
FNDA:0,(anonymous_9)
FNDA:0,(anonymous_10)
FNDA:0,(anonymous_11)
DA:14,0
DA:22,0
DA:24,0
DA:25,0
DA:28,0
DA:33,0
DA:37,0
DA:38,0
DA:49,0
DA:50,0
DA:51,0
DA:58,0
DA:59,0
DA:61,0
DA:62,0
DA:63,0
DA:74,0
DA:76,0
DA:77,0
DA:78,0
DA:81,0
DA:89,0
DA:90,0
DA:94,0
DA:96,0
DA:116,1
LF:26
LH:1
BRDA:76,0,0,0
BRDA:76,0,1,0
BRDA:94,1,0,0
BRDA:94,1,1,0
BRF:4
BRH:0
end_of_record
TN:
SF:/Users/litil/Documents/work/trainings/ReactNative/PropertyFinder/src/scenes/SearchResults/index.js
FN:19,(anonymous_0)
FN:21,(anonymous_1)
FN:32,(anonymous_2)
FNF:3
FNH:3
FNDA:5,(anonymous_0)
FNDA:5,(anonymous_1)
FNDA:1,(anonymous_2)
DA:19,5
DA:22,5
DA:33,1
LF:3
LH:3
BRF:0
BRH:0
end_of_record
